<?xml version="1.0" encoding="UTF-8"?>
<testsuite xmlns:xsi="http://www.w3.org/2001/XMLSchema-instance" xsi:noNamespaceSchemaLocation="https://maven.apache.org/surefire/maven-surefire-plugin/xsd/surefire-test-report.xsd" name="br.com.restassuredapitesting.runners.Alltests" time="97.575" tests="28" errors="0" skipped="0" failures="7">
  <properties>
    <property name="sun.desktop" value="windows"/>
    <property name="awt.toolkit" value="sun.awt.windows.WToolkit"/>
    <property name="file.encoding.pkg" value="sun.io"/>
    <property name="java.specification.version" value="1.8"/>
    <property name="sun.cpu.isalist" value="amd64"/>
    <property name="sun.jnu.encoding" value="Cp1252"/>
    <property name="java.class.path" value="C:\Users\João\IdeaProjects\restassuredapitesting\target\test-classes;C:\Users\João\IdeaProjects\restassuredapitesting\target\classes;C:\Users\João\.m2\repository\com\jayway\jsonpath\json-path\2.6.0\json-path-2.6.0.jar;C:\Users\João\.m2\repository\net\minidev\json-smart\2.4.7\json-smart-2.4.7.jar;C:\Users\João\.m2\repository\net\minidev\accessors-smart\2.4.7\accessors-smart-2.4.7.jar;C:\Users\João\.m2\repository\org\ow2\asm\asm\9.1\asm-9.1.jar;C:\Users\João\.m2\repository\org\apache\logging\log4j\log4j-slf4j-impl\2.13.1\log4j-slf4j-impl-2.13.1.jar;C:\Users\João\.m2\repository\org\apache\logging\log4j\log4j-api\2.13.1\log4j-api-2.13.1.jar;C:\Users\João\.m2\repository\org\apache\logging\log4j\log4j-core\2.13.1\log4j-core-2.13.1.jar;C:\Users\João\.m2\repository\org\projectlombok\lombok\1.18.6\lombok-1.18.6.jar;C:\Users\João\.m2\repository\com\googlecode\json-simple\json-simple\1.1.1\json-simple-1.1.1.jar;C:\Users\João\.m2\repository\junit\junit\4.12\junit-4.12.jar;C:\Users\João\.m2\repository\org\hamcrest\hamcrest-core\1.3\hamcrest-core-1.3.jar;C:\Users\João\.m2\repository\io\rest-assured\rest-assured\3.1.0\rest-assured-3.1.0.jar;C:\Users\João\.m2\repository\org\codehaus\groovy\groovy\2.4.12\groovy-2.4.12.jar;C:\Users\João\.m2\repository\org\codehaus\groovy\groovy-xml\2.4.12\groovy-xml-2.4.12.jar;C:\Users\João\.m2\repository\org\apache\httpcomponents\httpclient\4.5.3\httpclient-4.5.3.jar;C:\Users\João\.m2\repository\org\apache\httpcomponents\httpcore\4.4.6\httpcore-4.4.6.jar;C:\Users\João\.m2\repository\commons-logging\commons-logging\1.2\commons-logging-1.2.jar;C:\Users\João\.m2\repository\commons-codec\commons-codec\1.9\commons-codec-1.9.jar;C:\Users\João\.m2\repository\org\apache\httpcomponents\httpmime\4.5.1\httpmime-4.5.1.jar;C:\Users\João\.m2\repository\org\hamcrest\hamcrest-library\1.3\hamcrest-library-1.3.jar;C:\Users\João\.m2\repository\org\ccil\cowan\tagsoup\tagsoup\1.2.1\tagsoup-1.2.1.jar;C:\Users\João\.m2\repository\io\rest-assured\xml-path\3.1.0\xml-path-3.1.0.jar;C:\Users\João\.m2\repository\javax\xml\bind\jaxb-api\2.2.12\jaxb-api-2.2.12.jar;C:\Users\João\.m2\repository\io\rest-assured\json-schema-validator\3.1.0\json-schema-validator-3.1.0.jar;C:\Users\João\.m2\repository\com\github\fge\json-schema-validator\2.2.6\json-schema-validator-2.2.6.jar;C:\Users\João\.m2\repository\com\google\code\findbugs\jsr305\3.0.0\jsr305-3.0.0.jar;C:\Users\João\.m2\repository\joda-time\joda-time\2.3\joda-time-2.3.jar;C:\Users\João\.m2\repository\com\googlecode\libphonenumber\libphonenumber\6.2\libphonenumber-6.2.jar;C:\Users\João\.m2\repository\com\github\fge\json-schema-core\1.2.5\json-schema-core-1.2.5.jar;C:\Users\João\.m2\repository\com\github\fge\uri-template\0.9\uri-template-0.9.jar;C:\Users\João\.m2\repository\com\github\fge\msg-simple\1.1\msg-simple-1.1.jar;C:\Users\João\.m2\repository\com\github\fge\btf\1.2\btf-1.2.jar;C:\Users\João\.m2\repository\com\google\guava\guava\16.0.1\guava-16.0.1.jar;C:\Users\João\.m2\repository\com\github\fge\jackson-coreutils\1.8\jackson-coreutils-1.8.jar;C:\Users\João\.m2\repository\org\mozilla\rhino\1.7R4\rhino-1.7R4.jar;C:\Users\João\.m2\repository\javax\mail\mailapi\1.4.3\mailapi-1.4.3.jar;C:\Users\João\.m2\repository\javax\activation\activation\1.1\activation-1.1.jar;C:\Users\João\.m2\repository\net\sf\jopt-simple\jopt-simple\4.6\jopt-simple-4.6.jar;C:\Users\João\.m2\repository\com\github\javafaker\javafaker\1.0.1\javafaker-1.0.1.jar;C:\Users\João\.m2\repository\org\apache\commons\commons-lang3\3.5\commons-lang3-3.5.jar;C:\Users\João\.m2\repository\org\yaml\snakeyaml\1.23\snakeyaml-1.23-android.jar;C:\Users\João\.m2\repository\com\github\mifmif\generex\1.0.2\generex-1.0.2.jar;C:\Users\João\.m2\repository\dk\brics\automaton\automaton\1.11-8\automaton-1.11-8.jar;C:\Users\João\.m2\repository\io\rest-assured\json-path\3.1.0\json-path-3.1.0.jar;C:\Users\João\.m2\repository\org\codehaus\groovy\groovy-json\2.4.12\groovy-json-2.4.12.jar;C:\Users\João\.m2\repository\io\rest-assured\rest-assured-common\3.1.0\rest-assured-common-3.1.0.jar;C:\Users\João\.m2\repository\io\qameta\allure\allure-junit4\2.9.0\allure-junit4-2.9.0.jar;C:\Users\João\.m2\repository\io\qameta\allure\allure-java-commons\2.9.0\allure-java-commons-2.9.0.jar;C:\Users\João\.m2\repository\io\qameta\allure\allure-model\2.9.0\allure-model-2.9.0.jar;C:\Users\João\.m2\repository\com\fasterxml\jackson\core\jackson-databind\2.9.7\jackson-databind-2.9.7.jar;C:\Users\João\.m2\repository\com\fasterxml\jackson\core\jackson-annotations\2.9.0\jackson-annotations-2.9.0.jar;C:\Users\João\.m2\repository\com\fasterxml\jackson\core\jackson-core\2.9.7\jackson-core-2.9.7.jar;C:\Users\João\.m2\repository\org\apache\tika\tika-core\1.19.1\tika-core-1.19.1.jar;C:\Users\João\.m2\repository\org\aspectj\aspectjrt\1.9.1\aspectjrt-1.9.1.jar;C:\Users\João\.m2\repository\org\jooq\joor-java-8\0.9.9\joor-java-8-0.9.9.jar;C:\Users\João\.m2\repository\org\slf4j\slf4j-api\1.7.26\slf4j-api-1.7.26.jar;C:\Users\João\.m2\repository\org\json\json\20190722\json-20190722.jar;"/>
    <property name="java.vm.vendor" value="Oracle Corporation"/>
    <property name="sun.arch.data.model" value="64"/>
    <property name="user.variant" value=""/>
    <property name="java.vendor.url" value="http://java.oracle.com/"/>
    <property name="user.timezone" value=""/>
    <property name="java.vm.specification.version" value="1.8"/>
    <property name="os.name" value="Windows 10"/>
    <property name="user.country" value="BR"/>
    <property name="sun.java.launcher" value="SUN_STANDARD"/>
    <property name="sun.boot.library.path" value="C:\Program Files\Java\jdk1.8.0_202\jre\bin"/>
    <property name="sun.java.command" value="C:\Users\João\AppData\Local\Temp\surefire8722243641522471088\surefirebooter3995795372371430868.jar C:\Users\João\AppData\Local\Temp\surefire8722243641522471088 2021-10-30T01-14-21_943-jvmRun1 surefire7517103099919725511tmp surefire_01092436638104516461tmp"/>
    <property name="surefire.test.class.path" value="C:\Users\João\IdeaProjects\restassuredapitesting\target\test-classes;C:\Users\João\IdeaProjects\restassuredapitesting\target\classes;C:\Users\João\.m2\repository\com\jayway\jsonpath\json-path\2.6.0\json-path-2.6.0.jar;C:\Users\João\.m2\repository\net\minidev\json-smart\2.4.7\json-smart-2.4.7.jar;C:\Users\João\.m2\repository\net\minidev\accessors-smart\2.4.7\accessors-smart-2.4.7.jar;C:\Users\João\.m2\repository\org\ow2\asm\asm\9.1\asm-9.1.jar;C:\Users\João\.m2\repository\org\apache\logging\log4j\log4j-slf4j-impl\2.13.1\log4j-slf4j-impl-2.13.1.jar;C:\Users\João\.m2\repository\org\apache\logging\log4j\log4j-api\2.13.1\log4j-api-2.13.1.jar;C:\Users\João\.m2\repository\org\apache\logging\log4j\log4j-core\2.13.1\log4j-core-2.13.1.jar;C:\Users\João\.m2\repository\org\projectlombok\lombok\1.18.6\lombok-1.18.6.jar;C:\Users\João\.m2\repository\com\googlecode\json-simple\json-simple\1.1.1\json-simple-1.1.1.jar;C:\Users\João\.m2\repository\junit\junit\4.12\junit-4.12.jar;C:\Users\João\.m2\repository\org\hamcrest\hamcrest-core\1.3\hamcrest-core-1.3.jar;C:\Users\João\.m2\repository\io\rest-assured\rest-assured\3.1.0\rest-assured-3.1.0.jar;C:\Users\João\.m2\repository\org\codehaus\groovy\groovy\2.4.12\groovy-2.4.12.jar;C:\Users\João\.m2\repository\org\codehaus\groovy\groovy-xml\2.4.12\groovy-xml-2.4.12.jar;C:\Users\João\.m2\repository\org\apache\httpcomponents\httpclient\4.5.3\httpclient-4.5.3.jar;C:\Users\João\.m2\repository\org\apache\httpcomponents\httpcore\4.4.6\httpcore-4.4.6.jar;C:\Users\João\.m2\repository\commons-logging\commons-logging\1.2\commons-logging-1.2.jar;C:\Users\João\.m2\repository\commons-codec\commons-codec\1.9\commons-codec-1.9.jar;C:\Users\João\.m2\repository\org\apache\httpcomponents\httpmime\4.5.1\httpmime-4.5.1.jar;C:\Users\João\.m2\repository\org\hamcrest\hamcrest-library\1.3\hamcrest-library-1.3.jar;C:\Users\João\.m2\repository\org\ccil\cowan\tagsoup\tagsoup\1.2.1\tagsoup-1.2.1.jar;C:\Users\João\.m2\repository\io\rest-assured\xml-path\3.1.0\xml-path-3.1.0.jar;C:\Users\João\.m2\repository\javax\xml\bind\jaxb-api\2.2.12\jaxb-api-2.2.12.jar;C:\Users\João\.m2\repository\io\rest-assured\json-schema-validator\3.1.0\json-schema-validator-3.1.0.jar;C:\Users\João\.m2\repository\com\github\fge\json-schema-validator\2.2.6\json-schema-validator-2.2.6.jar;C:\Users\João\.m2\repository\com\google\code\findbugs\jsr305\3.0.0\jsr305-3.0.0.jar;C:\Users\João\.m2\repository\joda-time\joda-time\2.3\joda-time-2.3.jar;C:\Users\João\.m2\repository\com\googlecode\libphonenumber\libphonenumber\6.2\libphonenumber-6.2.jar;C:\Users\João\.m2\repository\com\github\fge\json-schema-core\1.2.5\json-schema-core-1.2.5.jar;C:\Users\João\.m2\repository\com\github\fge\uri-template\0.9\uri-template-0.9.jar;C:\Users\João\.m2\repository\com\github\fge\msg-simple\1.1\msg-simple-1.1.jar;C:\Users\João\.m2\repository\com\github\fge\btf\1.2\btf-1.2.jar;C:\Users\João\.m2\repository\com\google\guava\guava\16.0.1\guava-16.0.1.jar;C:\Users\João\.m2\repository\com\github\fge\jackson-coreutils\1.8\jackson-coreutils-1.8.jar;C:\Users\João\.m2\repository\org\mozilla\rhino\1.7R4\rhino-1.7R4.jar;C:\Users\João\.m2\repository\javax\mail\mailapi\1.4.3\mailapi-1.4.3.jar;C:\Users\João\.m2\repository\javax\activation\activation\1.1\activation-1.1.jar;C:\Users\João\.m2\repository\net\sf\jopt-simple\jopt-simple\4.6\jopt-simple-4.6.jar;C:\Users\João\.m2\repository\com\github\javafaker\javafaker\1.0.1\javafaker-1.0.1.jar;C:\Users\João\.m2\repository\org\apache\commons\commons-lang3\3.5\commons-lang3-3.5.jar;C:\Users\João\.m2\repository\org\yaml\snakeyaml\1.23\snakeyaml-1.23-android.jar;C:\Users\João\.m2\repository\com\github\mifmif\generex\1.0.2\generex-1.0.2.jar;C:\Users\João\.m2\repository\dk\brics\automaton\automaton\1.11-8\automaton-1.11-8.jar;C:\Users\João\.m2\repository\io\rest-assured\json-path\3.1.0\json-path-3.1.0.jar;C:\Users\João\.m2\repository\org\codehaus\groovy\groovy-json\2.4.12\groovy-json-2.4.12.jar;C:\Users\João\.m2\repository\io\rest-assured\rest-assured-common\3.1.0\rest-assured-common-3.1.0.jar;C:\Users\João\.m2\repository\io\qameta\allure\allure-junit4\2.9.0\allure-junit4-2.9.0.jar;C:\Users\João\.m2\repository\io\qameta\allure\allure-java-commons\2.9.0\allure-java-commons-2.9.0.jar;C:\Users\João\.m2\repository\io\qameta\allure\allure-model\2.9.0\allure-model-2.9.0.jar;C:\Users\João\.m2\repository\com\fasterxml\jackson\core\jackson-databind\2.9.7\jackson-databind-2.9.7.jar;C:\Users\João\.m2\repository\com\fasterxml\jackson\core\jackson-annotations\2.9.0\jackson-annotations-2.9.0.jar;C:\Users\João\.m2\repository\com\fasterxml\jackson\core\jackson-core\2.9.7\jackson-core-2.9.7.jar;C:\Users\João\.m2\repository\org\apache\tika\tika-core\1.19.1\tika-core-1.19.1.jar;C:\Users\João\.m2\repository\org\aspectj\aspectjrt\1.9.1\aspectjrt-1.9.1.jar;C:\Users\João\.m2\repository\org\jooq\joor-java-8\0.9.9\joor-java-8-0.9.9.jar;C:\Users\João\.m2\repository\org\slf4j\slf4j-api\1.7.26\slf4j-api-1.7.26.jar;C:\Users\João\.m2\repository\org\json\json\20190722\json-20190722.jar;"/>
    <property name="test" value="Alltests"/>
    <property name="allure.results.directory" value="C:\Users\João\IdeaProjects\restassuredapitesting\target/allure-results"/>
    <property name="sun.cpu.endian" value="little"/>
    <property name="user.home" value="C:\Users\João"/>
    <property name="user.language" value="pt"/>
    <property name="java.specification.vendor" value="Oracle Corporation"/>
    <property name="java.home" value="C:\Program Files\Java\jdk1.8.0_202\jre"/>
    <property name="basedir" value="C:\Users\João\IdeaProjects\restassuredapitesting"/>
    <property name="file.separator" value="\"/>
    <property name="line.separator" value="&#10;"/>
    <property name="java.vm.specification.vendor" value="Oracle Corporation"/>
    <property name="java.specification.name" value="Java Platform API Specification"/>
    <property name="java.awt.graphicsenv" value="sun.awt.Win32GraphicsEnvironment"/>
    <property name="surefire.real.class.path" value="C:\Users\João\AppData\Local\Temp\surefire8722243641522471088\surefirebooter3995795372371430868.jar;C:\Users\João\.m2\repository/org/aspectj/aspectjweaver/1.9.1/aspectjweaver-1.9.1.jar"/>
    <property name="sun.boot.class.path" value="C:\Program Files\Java\jdk1.8.0_202\jre\lib\resources.jar;C:\Program Files\Java\jdk1.8.0_202\jre\lib\rt.jar;C:\Program Files\Java\jdk1.8.0_202\jre\lib\sunrsasign.jar;C:\Program Files\Java\jdk1.8.0_202\jre\lib\jsse.jar;C:\Program Files\Java\jdk1.8.0_202\jre\lib\jce.jar;C:\Program Files\Java\jdk1.8.0_202\jre\lib\charsets.jar;C:\Program Files\Java\jdk1.8.0_202\jre\lib\jfr.jar;C:\Program Files\Java\jdk1.8.0_202\jre\classes"/>
    <property name="user.script" value=""/>
    <property name="sun.management.compiler" value="HotSpot 64-Bit Tiered Compilers"/>
    <property name="java.runtime.version" value="1.8.0_202-b08"/>
    <property name="user.name" value="João"/>
    <property name="path.separator" value=";"/>
    <property name="os.version" value="10.0"/>
    <property name="java.endorsed.dirs" value="C:\Program Files\Java\jdk1.8.0_202\jre\lib\endorsed"/>
    <property name="java.runtime.name" value="Java(TM) SE Runtime Environment"/>
    <property name="file.encoding" value="Cp1252"/>
    <property name="java.vm.name" value="Java HotSpot(TM) 64-Bit Server VM"/>
    <property name="localRepository" value="C:\Users\João\.m2\repository"/>
    <property name="java.vendor.url.bug" value="http://bugreport.sun.com/bugreport/"/>
    <property name="java.io.tmpdir" value="C:\Users\João\AppData\Local\Temp\"/>
    <property name="idea.version" value="2021.2.2"/>
    <property name="java.version" value="1.8.0_202"/>
    <property name="user.dir" value="C:\Users\João\IdeaProjects\restassuredapitesting"/>
    <property name="os.arch" value="amd64"/>
    <property name="java.vm.specification.name" value="Java Virtual Machine Specification"/>
    <property name="java.awt.printerjob" value="sun.awt.windows.WPrinterJob"/>
    <property name="sun.os.patch.level" value=""/>
    <property name="java.library.path" value="C:\Program Files\Java\jdk1.8.0_202\jre\bin;C:\WINDOWS\Sun\Java\bin;C:\WINDOWS\system32;C:\WINDOWS;C:\Program Files (x86)\Common Files\Oracle\Java\javapath;C:\Python310\Scripts\;C:\Python310\;C:\Program Files\Common Files\Oracle\Java\javapath;C:\Windows\system32;C:\Windows;C:\Windows\System32\Wbem;C:\Windows\System32\WindowsPowerShell\v1.0\;C:\Windows\System32\OpenSSH\;C:\WINDOWS\system32;C:\WINDOWS;C:\WINDOWS\System32\Wbem;C:\WINDOWS\System32\WindowsPowerShell\v1.0\;C:\WINDOWS\System32\OpenSSH\;C:\Program Files (x86)\NVIDIA Corporation\PhysX\Common;C:\Program Files\NVIDIA Corporation\NVIDIA NvDLISR;C:\WINDOWS\system32;C:\WINDOWS;C:\WINDOWS\System32\Wbem;C:\WINDOWS\System32\WindowsPowerShell\v1.0\;C:\WINDOWS\System32\OpenSSH\;C:\Program Files\Java\jdk1.8.0_202\BIN;C:\Program Files\Git\cmd;C:\Program Files (x86)\Intel\Intel(R) Management Engine Components\DAL;C:\Program Files\Intel\Intel(R) Management Engine Components\DAL;C:\Program Files\nodejs\;C:\ProgramData\chocolatey\bin;C:\Users\João\scoop\shims;C:\Users\João\AppData\Local\Programs\Python\Python39\Scripts\;C:\Users\João\AppData\Local\Programs\Python\Python39\;C:\Users\João\AppData\Local\Microsoft\WindowsApps;;C:\Program Files\JetBrains\IntelliJ IDEA Community Edition 2021.2\bin;;C:\Users\João\AppData\Local\Programs\Microsoft VS Code\bin;C:\Users\João\AppData\Roaming\npm;."/>
    <property name="java.vm.info" value="mixed mode"/>
    <property name="java.vendor" value="Oracle Corporation"/>
    <property name="java.vm.version" value="25.202-b08"/>
    <property name="java.ext.dirs" value="C:\Program Files\Java\jdk1.8.0_202\jre\lib\ext;C:\WINDOWS\Sun\Java\lib\ext"/>
    <property name="sun.io.unicode.encoding" value="UnicodeLittle"/>
    <property name="java.class.version" value="52.0"/>
  </properties>
  <testcase name="validateOnlineAPI" classname="br.com.restassuredapitesting.tests.ping.tests.GetPingTest" time="4.404"/>
  <testcase name="validateErrorSearchWrongFirstnameParameter" classname="br.com.restassuredapitesting.tests.booking.tests.GetBookingTest" time="1.053">
    <failure message="1 expectation failed.&#10;Expected status code &lt;400&gt; but was &lt;200&gt;.&#10;" type="java.lang.AssertionError"><![CDATA[java.lang.AssertionError: 
1 expectation failed.
Expected status code <400> but was <200>.

	at br.com.restassuredapitesting.tests.booking.tests.GetBookingTest.validateErrorSearchWrongFirstnameParameter(GetBookingTest.java:211)
]]></failure>
    <system-out><![CDATA[HTTP/1.1 200 OK
Server: Cowboy
Connection: keep-alive
X-Powered-By: Express
Content-Type: application/json; charset=utf-8
Content-Length: 2
Etag: W/"2-l9Fw4VUO7kr8CvBlt4zaMCqXZ0w"
Date: Sat, 30 Oct 2021 04:14:35 GMT
Via: 1.1 vegur

[
    
]
]]></system-out>
  </testcase>
  <testcase name="validateSpecificBookingSchema" classname="br.com.restassuredapitesting.tests.booking.tests.GetBookingTest" time="5.337"/>
  <testcase name="valiateBookingSearchCheckoutTwiceParameter" classname="br.com.restassuredapitesting.tests.booking.tests.GetBookingTest" time="1.679">
    <failure message="1 expectation failed.&#10;Expected status code &lt;200&gt; but was &lt;500&gt;.&#10;" type="java.lang.AssertionError"><![CDATA[java.lang.AssertionError: 
1 expectation failed.
Expected status code <200> but was <500>.

	at br.com.restassuredapitesting.tests.booking.tests.GetBookingTest.valiateBookingSearchCheckoutTwiceParameter(GetBookingTest.java:164)
]]></failure>
    <system-out><![CDATA[HTTP/1.1 500 Internal Server Error
Server: Cowboy
Connection: keep-alive
X-Powered-By: Express
Content-Type: text/plain; charset=utf-8
Content-Length: 21
Etag: W/"15-/6VXivhc2MKdLfIkLcUE47K6aH0"
Date: Sat, 30 Oct 2021 04:14:46 GMT
Via: 1.1 vegur

Internal Server Error
]]></system-out>
  </testcase>
  <testcase name="validateBookingListSchema" classname="br.com.restassuredapitesting.tests.booking.tests.GetBookingTest" time="3.413"/>
  <testcase name="validateBookingSearchCheckinParameter" classname="br.com.restassuredapitesting.tests.booking.tests.GetBookingTest" time="1.799">
    <failure message="1 expectation failed.&#10;JSON path bookingid doesn&apos;t match.&#10;Expected: a collection containing &lt;136&gt;&#10;  Actual: [6, 2, 4, 9, 10]&#10;" type="java.lang.AssertionError"><![CDATA[java.lang.AssertionError: 
1 expectation failed.
JSON path bookingid doesn't match.
Expected: a collection containing <136>
  Actual: [6, 2, 4, 9, 10]

	at br.com.restassuredapitesting.tests.booking.tests.GetBookingTest.validateBookingSearchCheckinParameter(GetBookingTest.java:133)
]]></failure>
    <system-out><![CDATA[HTTP/1.1 200 OK
Server: Cowboy
Connection: keep-alive
X-Powered-By: Express
Content-Type: application/json; charset=utf-8
Content-Length: 82
Etag: W/"52-W8gDiQwurFvr/s+f7HNRf58Q8g0"
Date: Sat, 30 Oct 2021 04:14:54 GMT
Via: 1.1 vegur

[
    {
        "bookingid": 6
    },
    {
        "bookingid": 2
    },
    {
        "bookingid": 4
    },
    {
        "bookingid": 9
    },
    {
        "bookingid": 10
    }
]
]]></system-out>
  </testcase>
  <testcase name="validateSearchErrorInvalidParameter" classname="br.com.restassuredapitesting.tests.booking.tests.GetBookingTest" time="1.689">
    <failure message="1 expectation failed.&#10;Expected status code &lt;400&gt; but was &lt;200&gt;.&#10;" type="java.lang.AssertionError"><![CDATA[java.lang.AssertionError: 
1 expectation failed.
Expected status code <400> but was <200>.

	at br.com.restassuredapitesting.tests.booking.tests.GetBookingTest.validateSearchErrorInvalidParameter(GetBookingTest.java:225)
]]></failure>
    <system-out><![CDATA[HTTP/1.1 200 OK
Server: Cowboy
Connection: keep-alive
X-Powered-By: Express
Content-Type: application/json; charset=utf-8
Content-Length: 1745
Etag: W/"6d1-I9zarvADNQoeihEIppZbWGDNEK8"
Date: Sat, 30 Oct 2021 04:14:58 GMT
Via: 1.1 vegur

[
    {
        "bookingid": 136
    },
    {
        "bookingid": 145
    },
    {
        "bookingid": 194
    },
    {
        "bookingid": 157
    },
    {
        "bookingid": 201
    },
    {
        "bookingid": 96
    },
    {
        "bookingid": 121
    },
    {
        "bookingid": 163
    },
    {
        "bookingid": 101
    },
    {
        "bookingid": 215
    },
    {
        "bookingid": 65
    },
    {
        "bookingid": 219
    },
    {
        "bookingid": 183
    },
    {
        "bookingid": 26
    },
    {
        "bookingid": 181
    },
    {
        "bookingid": 7
    },
    {
        "bookingid": 17
    },
    {
        "bookingid": 206
    },
    {
        "bookingid": 119
    },
    {
        "bookingid": 62
    },
    {
        "bookingid": 63
    },
    {
        "bookingid": 177
    },
    {
        "bookingid": 64
    },
    {
        "bookingid": 6
    },
    {
        "bookingid": 207
    },
    {
        "bookingid": 123
    },
    {
        "bookingid": 68
    },
    {
        "bookingid": 35
    },
    {
        "bookingid": 208
    },
    {
        "bookingid": 71
    },
    {
        "bookingid": 42
    },
    {
        "bookingid": 239
    },
    {
        "bookingid": 2
    },
    {
        "bookingid": 22
    },
    {
        "bookingid": 34
    },
    {
        "bookingid": 135
    },
    {
        "bookingid": 146
    },
    {
        "bookingid": 28
    },
    {
        "bookingid": 76
    },
    {
        "bookingid": 180
    },
    {
        "bookingid": 118
    },
    {
        "bookingid": 193
    },
    {
        "bookingid": 3
    },
    {
        "bookingid": 133
    },
    {
        "bookingid": 32
    },
    {
        "bookingid": 103
    },
    {
        "bookingid": 120
    },
    {
        "bookingid": 13
    },
    {
        "bookingid": 14
    },
    {
        "bookingid": 75
    },
    {
        "bookingid": 4
    },
    {
        "bookingid": 95
    },
    {
        "bookingid": 46
    },
    {
        "bookingid": 94
    },
    {
        "bookingid": 122
    },
    {
        "bookingid": 233
    },
    {
        "bookingid": 8
    },
    {
        "bookingid": 210
    },
    {
        "bookingid": 99
    },
    {
        "bookingid": 182
    },
    {
        "bookingid": 134
    },
    {
        "bookingid": 67
    },
    {
        "bookingid": 159
    },
    {
        "bookingid": 91
    },
    {
        "bookingid": 9
    },
    {
        "bookingid": 18
    },
    {
        "bookingid": 132
    },
    {
        "bookingid": 236
    },
    {
        "bookingid": 156
    },
    {
        "bookingid": 161
    },
    {
        "bookingid": 5
    },
    {
        "bookingid": 200
    },
    {
        "bookingid": 20
    },
    {
        "bookingid": 234
    },
    {
        "bookingid": 179
    },
    {
        "bookingid": 216
    },
    {
        "bookingid": 93
    },
    {
        "bookingid": 117
    },
    {
        "bookingid": 209
    },
    {
        "bookingid": 102
    },
    {
        "bookingid": 192
    },
    {
        "bookingid": 45
    },
    {
        "bookingid": 44
    },
    {
        "bookingid": 19
    },
    {
        "bookingid": 70
    },
    {
        "bookingid": 30
    },
    {
        "bookingid": 147
    },
    {
        "bookingid": 217
    },
    {
        "bookingid": 15
    },
    {
        "bookingid": 10
    },
    {
        "bookingid": 162
    },
    {
        "bookingid": 69
    },
    {
        "bookingid": 77
    },
    {
        "bookingid": 25
    },
    {
        "bookingid": 204
    },
    {
        "bookingid": 178
    },
    {
        "bookingid": 238
    },
    {
        "bookingid": 21
    },
    {
        "bookingid": 205
    },
    {
        "bookingid": 11
    }
]
]]></system-out>
  </testcase>
  <testcase name="validateBookingSearchNameCheckinCheckoutParameter" classname="br.com.restassuredapitesting.tests.booking.tests.GetBookingTest" time="1.664">
    <failure message="1 expectation failed.&#10;JSON path bookingid doesn&apos;t match.&#10;Expected: a collection containing &lt;136&gt;&#10;  Actual: []&#10;" type="java.lang.AssertionError"><![CDATA[java.lang.AssertionError: 
1 expectation failed.
JSON path bookingid doesn't match.
Expected: a collection containing <136>
  Actual: []

	at br.com.restassuredapitesting.tests.booking.tests.GetBookingTest.validateBookingSearchNameCheckinCheckoutParameter(GetBookingTest.java:186)
]]></failure>
    <system-out><![CDATA[HTTP/1.1 200 OK
Server: Cowboy
Connection: keep-alive
X-Powered-By: Express
Content-Type: application/json; charset=utf-8
Content-Length: 2
Etag: W/"2-l9Fw4VUO7kr8CvBlt4zaMCqXZ0w"
Date: Sat, 30 Oct 2021 04:15:01 GMT
Via: 1.1 vegur

[
    
]
]]></system-out>
  </testcase>
  <testcase name="validateBookingList" classname="br.com.restassuredapitesting.tests.booking.tests.GetBookingTest" time="3.359"/>
  <testcase name="validateBookingSearchFirstnameParameter" classname="br.com.restassuredapitesting.tests.booking.tests.GetBookingTest" time="3.296"/>
  <testcase name="validateBookingSearchLastnameParameter" classname="br.com.restassuredapitesting.tests.booking.tests.GetBookingTest" time="3.268"/>
  <testcase name="validateBookingSearchCheckoutParameter" classname="br.com.restassuredapitesting.tests.booking.tests.GetBookingTest" time="3.197"/>
  <testcase name="validateErrorSearchWrongCheckinParameter" classname="br.com.restassuredapitesting.tests.booking.tests.GetBookingTest" time="0.796"/>
  <testcase name="validateTokenReturn" classname="br.com.restassuredapitesting.tests.auth.tests.PostAuthTest" time="0.81"/>
  <testcase name="validateErrorBookingUpdateWithoutTokenParameter" classname="br.com.restassuredapitesting.tests.booking.tests.PutBookingTest" time="1.637">
    <failure message="1 expectation failed.&#10;Expected status code &lt;4033&gt; but was &lt;403&gt;.&#10;" type="java.lang.AssertionError"><![CDATA[java.lang.AssertionError: 
1 expectation failed.
Expected status code <4033> but was <403>.

	at br.com.restassuredapitesting.tests.booking.tests.PutBookingTest.validateErrorBookingUpdateWithoutTokenParameter(PutBookingTest.java:66)
]]></failure>
    <system-out><![CDATA[HTTP/1.1 403 Forbidden
Server: Cowboy
Connection: keep-alive
X-Powered-By: Express
Content-Type: text/plain; charset=utf-8
Content-Length: 9
Etag: W/"9-PatfYBLj4Um1qTm5zrukoLhNyPU"
Date: Sat, 30 Oct 2021 04:15:27 GMT
Via: 1.1 vegur

Forbidden
]]></system-out>
  </testcase>
  <testcase name="validateErrorBookingUpdateInvalidToken" classname="br.com.restassuredapitesting.tests.booking.tests.PutBookingTest" time="3.134"/>
  <testcase name="validateErrorInvalidBookingUpdate" classname="br.com.restassuredapitesting.tests.booking.tests.PutBookingTest" time="3.915"/>
  <testcase name="validateBookingUpdateBasicAuthParameter" classname="br.com.restassuredapitesting.tests.booking.tests.PutBookingTest" time="3.076"/>
  <testcase name="validateBookingUpdateTokenParameter" classname="br.com.restassuredapitesting.tests.booking.tests.PutBookingTest" time="3.869"/>
  <testcase name="validateBookingDeleteUsingBasicAuth" classname="br.com.restassuredapitesting.tests.booking.tests.DeleteBookingTest" time="1.597"/>
  <testcase name="deleteBooking" classname="br.com.restassuredapitesting.tests.booking.tests.DeleteBookingTest" time="2.294"/>
  <testcase name="validateErrorBookingDeleteInvalidToken" classname="br.com.restassuredapitesting.tests.booking.tests.DeleteBookingTest" time="3.045"/>
  <testcase name="deleteInvalidBookingError" classname="br.com.restassuredapitesting.tests.booking.tests.DeleteBookingTest" time="3.814"/>
  <testcase name="createNewBooking" classname="br.com.restassuredapitesting.tests.booking.tests.PostBookingTest" time="0.818"/>
  <testcase name="createNewBookingTwice" classname="br.com.restassuredapitesting.tests.booking.tests.PostBookingTest" time="1.585"/>
  <testcase name="validateCreateBookingErrorWrongHeader" classname="br.com.restassuredapitesting.tests.booking.tests.PostBookingTest" time="0.811"/>
  <testcase name="validateErrorCreateBookingInvalidPayload" classname="br.com.restassuredapitesting.tests.booking.tests.PostBookingTest" time="0.991"/>
  <testcase name="validateCreateNewBookingWithExtraParameter" classname="br.com.restassuredapitesting.tests.booking.tests.PostBookingTest" time="0.8">
    <failure message="1 expectation failed.&#10;JSON path booking doesn&apos;t match.&#10;Expected: map containing [&quot;campo 1&quot;-&gt;ANYTHING]&#10;  Actual: {firstname=Stephani, additionalneeds=Breakfast, bookingdates={checkin=2018-01-01, checkout=2019-01-01}, totalprice=111, depositpaid=true, lastname=Pouros}&#10;" type="java.lang.AssertionError">java.lang.AssertionError: 
1 expectation failed.
JSON path booking doesn't match.
Expected: map containing ["campo 1"->ANYTHING]
  Actual: {firstname=Stephani, additionalneeds=Breakfast, bookingdates={checkin=2018-01-01, checkout=2019-01-01}, totalprice=111, depositpaid=true, lastname=Pouros}

	at br.com.restassuredapitesting.tests.booking.tests.PostBookingTest.validateCreateNewBookingWithExtraParameter(PostBookingTest.java:64)
</failure>
    <system-out><![CDATA[HTTP/1.1 200 OK
Server: Cowboy
Connection: keep-alive
X-Powered-By: Express
Content-Type: application/json; charset=utf-8
Content-Length: 202
Etag: W/"ca-VSKFNCkueR/lHwHLYpSvVqJa0+o"
Date: Sat, 30 Oct 2021 04:16:03 GMT
Via: 1.1 vegur

{
    "bookingid": 258,
    "booking": {
        "firstname": "Stephani",
        "lastname": "Pouros",
        "totalprice": 111,
        "depositpaid": true,
        "bookingdates": {
            "checkin": "2018-01-01",
            "checkout": "2019-01-01"
        },
        "additionalneeds": "Breakfast"
    }
}
]]></system-out>
  </testcase>
</testsuite>