<?xml version="1.0" encoding="UTF-8"?>
<testsuite xmlns:xsi="http://www.w3.org/2001/XMLSchema-instance" xsi:noNamespaceSchemaLocation="https://maven.apache.org/surefire/maven-surefire-plugin/xsd/surefire-test-report.xsd" name="br.com.restassuredapitesting.tests.booking.tests.GetBookingTest" time="6.778" tests="12" errors="0" skipped="0" failures="5">
  <properties>
    <property name="sun.desktop" value="windows"/>
    <property name="awt.toolkit" value="sun.awt.windows.WToolkit"/>
    <property name="file.encoding.pkg" value="sun.io"/>
    <property name="java.specification.version" value="1.8"/>
    <property name="sun.cpu.isalist" value="amd64"/>
    <property name="sun.jnu.encoding" value="Cp1252"/>
    <property name="java.class.path" value="C:\Users\João\IdeaProjects\restassuredapitesting\target\test-classes;C:\Users\João\IdeaProjects\restassuredapitesting\target\classes;C:\Users\João\.m2\repository\com\jayway\jsonpath\json-path\2.6.0\json-path-2.6.0.jar;C:\Users\João\.m2\repository\net\minidev\json-smart\2.4.7\json-smart-2.4.7.jar;C:\Users\João\.m2\repository\net\minidev\accessors-smart\2.4.7\accessors-smart-2.4.7.jar;C:\Users\João\.m2\repository\org\ow2\asm\asm\9.1\asm-9.1.jar;C:\Users\João\.m2\repository\org\apache\logging\log4j\log4j-slf4j-impl\2.13.1\log4j-slf4j-impl-2.13.1.jar;C:\Users\João\.m2\repository\org\apache\logging\log4j\log4j-api\2.13.1\log4j-api-2.13.1.jar;C:\Users\João\.m2\repository\org\apache\logging\log4j\log4j-core\2.13.1\log4j-core-2.13.1.jar;C:\Users\João\.m2\repository\org\projectlombok\lombok\1.18.6\lombok-1.18.6.jar;C:\Users\João\.m2\repository\com\googlecode\json-simple\json-simple\1.1.1\json-simple-1.1.1.jar;C:\Users\João\.m2\repository\junit\junit\4.12\junit-4.12.jar;C:\Users\João\.m2\repository\org\hamcrest\hamcrest-core\1.3\hamcrest-core-1.3.jar;C:\Users\João\.m2\repository\io\rest-assured\rest-assured\3.1.0\rest-assured-3.1.0.jar;C:\Users\João\.m2\repository\org\codehaus\groovy\groovy\2.4.12\groovy-2.4.12.jar;C:\Users\João\.m2\repository\org\codehaus\groovy\groovy-xml\2.4.12\groovy-xml-2.4.12.jar;C:\Users\João\.m2\repository\org\apache\httpcomponents\httpclient\4.5.3\httpclient-4.5.3.jar;C:\Users\João\.m2\repository\org\apache\httpcomponents\httpcore\4.4.6\httpcore-4.4.6.jar;C:\Users\João\.m2\repository\commons-logging\commons-logging\1.2\commons-logging-1.2.jar;C:\Users\João\.m2\repository\commons-codec\commons-codec\1.9\commons-codec-1.9.jar;C:\Users\João\.m2\repository\org\apache\httpcomponents\httpmime\4.5.1\httpmime-4.5.1.jar;C:\Users\João\.m2\repository\org\hamcrest\hamcrest-library\1.3\hamcrest-library-1.3.jar;C:\Users\João\.m2\repository\org\ccil\cowan\tagsoup\tagsoup\1.2.1\tagsoup-1.2.1.jar;C:\Users\João\.m2\repository\io\rest-assured\xml-path\3.1.0\xml-path-3.1.0.jar;C:\Users\João\.m2\repository\javax\xml\bind\jaxb-api\2.2.12\jaxb-api-2.2.12.jar;C:\Users\João\.m2\repository\io\rest-assured\json-schema-validator\3.1.0\json-schema-validator-3.1.0.jar;C:\Users\João\.m2\repository\com\github\fge\json-schema-validator\2.2.6\json-schema-validator-2.2.6.jar;C:\Users\João\.m2\repository\com\google\code\findbugs\jsr305\3.0.0\jsr305-3.0.0.jar;C:\Users\João\.m2\repository\joda-time\joda-time\2.3\joda-time-2.3.jar;C:\Users\João\.m2\repository\com\googlecode\libphonenumber\libphonenumber\6.2\libphonenumber-6.2.jar;C:\Users\João\.m2\repository\com\github\fge\json-schema-core\1.2.5\json-schema-core-1.2.5.jar;C:\Users\João\.m2\repository\com\github\fge\uri-template\0.9\uri-template-0.9.jar;C:\Users\João\.m2\repository\com\github\fge\msg-simple\1.1\msg-simple-1.1.jar;C:\Users\João\.m2\repository\com\github\fge\btf\1.2\btf-1.2.jar;C:\Users\João\.m2\repository\com\google\guava\guava\16.0.1\guava-16.0.1.jar;C:\Users\João\.m2\repository\com\github\fge\jackson-coreutils\1.8\jackson-coreutils-1.8.jar;C:\Users\João\.m2\repository\org\mozilla\rhino\1.7R4\rhino-1.7R4.jar;C:\Users\João\.m2\repository\javax\mail\mailapi\1.4.3\mailapi-1.4.3.jar;C:\Users\João\.m2\repository\javax\activation\activation\1.1\activation-1.1.jar;C:\Users\João\.m2\repository\net\sf\jopt-simple\jopt-simple\4.6\jopt-simple-4.6.jar;C:\Users\João\.m2\repository\com\github\javafaker\javafaker\1.0.1\javafaker-1.0.1.jar;C:\Users\João\.m2\repository\org\apache\commons\commons-lang3\3.5\commons-lang3-3.5.jar;C:\Users\João\.m2\repository\org\yaml\snakeyaml\1.23\snakeyaml-1.23-android.jar;C:\Users\João\.m2\repository\com\github\mifmif\generex\1.0.2\generex-1.0.2.jar;C:\Users\João\.m2\repository\dk\brics\automaton\automaton\1.11-8\automaton-1.11-8.jar;C:\Users\João\.m2\repository\io\rest-assured\json-path\3.1.0\json-path-3.1.0.jar;C:\Users\João\.m2\repository\org\codehaus\groovy\groovy-json\2.4.12\groovy-json-2.4.12.jar;C:\Users\João\.m2\repository\io\rest-assured\rest-assured-common\3.1.0\rest-assured-common-3.1.0.jar;C:\Users\João\.m2\repository\io\qameta\allure\allure-junit4\2.9.0\allure-junit4-2.9.0.jar;C:\Users\João\.m2\repository\io\qameta\allure\allure-java-commons\2.9.0\allure-java-commons-2.9.0.jar;C:\Users\João\.m2\repository\io\qameta\allure\allure-model\2.9.0\allure-model-2.9.0.jar;C:\Users\João\.m2\repository\com\fasterxml\jackson\core\jackson-databind\2.9.7\jackson-databind-2.9.7.jar;C:\Users\João\.m2\repository\com\fasterxml\jackson\core\jackson-annotations\2.9.0\jackson-annotations-2.9.0.jar;C:\Users\João\.m2\repository\com\fasterxml\jackson\core\jackson-core\2.9.7\jackson-core-2.9.7.jar;C:\Users\João\.m2\repository\org\apache\tika\tika-core\1.19.1\tika-core-1.19.1.jar;C:\Users\João\.m2\repository\org\aspectj\aspectjrt\1.9.1\aspectjrt-1.9.1.jar;C:\Users\João\.m2\repository\org\jooq\joor-java-8\0.9.9\joor-java-8-0.9.9.jar;C:\Users\João\.m2\repository\org\slf4j\slf4j-api\1.7.26\slf4j-api-1.7.26.jar;C:\Users\João\.m2\repository\org\json\json\20190722\json-20190722.jar;"/>
    <property name="java.vm.vendor" value="Oracle Corporation"/>
    <property name="sun.arch.data.model" value="64"/>
    <property name="user.variant" value=""/>
    <property name="java.vendor.url" value="http://java.oracle.com/"/>
    <property name="user.timezone" value="America/Sao_Paulo"/>
    <property name="java.vm.specification.version" value="1.8"/>
    <property name="os.name" value="Windows 10"/>
    <property name="user.country" value="BR"/>
    <property name="sun.java.launcher" value="SUN_STANDARD"/>
    <property name="sun.boot.library.path" value="C:\Program Files\Java\jdk1.8.0_202\jre\bin"/>
    <property name="sun.java.command" value="C:\Users\João\AppData\Local\Temp\surefire5862975098129467210\surefirebooter7387303659164931789.jar C:\Users\João\AppData\Local\Temp\surefire5862975098129467210 2021-10-30T03-07-26_609-jvmRun1 surefire1121423560024110612tmp surefire_04043537570737782859tmp"/>
    <property name="surefire.test.class.path" value="C:\Users\João\IdeaProjects\restassuredapitesting\target\test-classes;C:\Users\João\IdeaProjects\restassuredapitesting\target\classes;C:\Users\João\.m2\repository\com\jayway\jsonpath\json-path\2.6.0\json-path-2.6.0.jar;C:\Users\João\.m2\repository\net\minidev\json-smart\2.4.7\json-smart-2.4.7.jar;C:\Users\João\.m2\repository\net\minidev\accessors-smart\2.4.7\accessors-smart-2.4.7.jar;C:\Users\João\.m2\repository\org\ow2\asm\asm\9.1\asm-9.1.jar;C:\Users\João\.m2\repository\org\apache\logging\log4j\log4j-slf4j-impl\2.13.1\log4j-slf4j-impl-2.13.1.jar;C:\Users\João\.m2\repository\org\apache\logging\log4j\log4j-api\2.13.1\log4j-api-2.13.1.jar;C:\Users\João\.m2\repository\org\apache\logging\log4j\log4j-core\2.13.1\log4j-core-2.13.1.jar;C:\Users\João\.m2\repository\org\projectlombok\lombok\1.18.6\lombok-1.18.6.jar;C:\Users\João\.m2\repository\com\googlecode\json-simple\json-simple\1.1.1\json-simple-1.1.1.jar;C:\Users\João\.m2\repository\junit\junit\4.12\junit-4.12.jar;C:\Users\João\.m2\repository\org\hamcrest\hamcrest-core\1.3\hamcrest-core-1.3.jar;C:\Users\João\.m2\repository\io\rest-assured\rest-assured\3.1.0\rest-assured-3.1.0.jar;C:\Users\João\.m2\repository\org\codehaus\groovy\groovy\2.4.12\groovy-2.4.12.jar;C:\Users\João\.m2\repository\org\codehaus\groovy\groovy-xml\2.4.12\groovy-xml-2.4.12.jar;C:\Users\João\.m2\repository\org\apache\httpcomponents\httpclient\4.5.3\httpclient-4.5.3.jar;C:\Users\João\.m2\repository\org\apache\httpcomponents\httpcore\4.4.6\httpcore-4.4.6.jar;C:\Users\João\.m2\repository\commons-logging\commons-logging\1.2\commons-logging-1.2.jar;C:\Users\João\.m2\repository\commons-codec\commons-codec\1.9\commons-codec-1.9.jar;C:\Users\João\.m2\repository\org\apache\httpcomponents\httpmime\4.5.1\httpmime-4.5.1.jar;C:\Users\João\.m2\repository\org\hamcrest\hamcrest-library\1.3\hamcrest-library-1.3.jar;C:\Users\João\.m2\repository\org\ccil\cowan\tagsoup\tagsoup\1.2.1\tagsoup-1.2.1.jar;C:\Users\João\.m2\repository\io\rest-assured\xml-path\3.1.0\xml-path-3.1.0.jar;C:\Users\João\.m2\repository\javax\xml\bind\jaxb-api\2.2.12\jaxb-api-2.2.12.jar;C:\Users\João\.m2\repository\io\rest-assured\json-schema-validator\3.1.0\json-schema-validator-3.1.0.jar;C:\Users\João\.m2\repository\com\github\fge\json-schema-validator\2.2.6\json-schema-validator-2.2.6.jar;C:\Users\João\.m2\repository\com\google\code\findbugs\jsr305\3.0.0\jsr305-3.0.0.jar;C:\Users\João\.m2\repository\joda-time\joda-time\2.3\joda-time-2.3.jar;C:\Users\João\.m2\repository\com\googlecode\libphonenumber\libphonenumber\6.2\libphonenumber-6.2.jar;C:\Users\João\.m2\repository\com\github\fge\json-schema-core\1.2.5\json-schema-core-1.2.5.jar;C:\Users\João\.m2\repository\com\github\fge\uri-template\0.9\uri-template-0.9.jar;C:\Users\João\.m2\repository\com\github\fge\msg-simple\1.1\msg-simple-1.1.jar;C:\Users\João\.m2\repository\com\github\fge\btf\1.2\btf-1.2.jar;C:\Users\João\.m2\repository\com\google\guava\guava\16.0.1\guava-16.0.1.jar;C:\Users\João\.m2\repository\com\github\fge\jackson-coreutils\1.8\jackson-coreutils-1.8.jar;C:\Users\João\.m2\repository\org\mozilla\rhino\1.7R4\rhino-1.7R4.jar;C:\Users\João\.m2\repository\javax\mail\mailapi\1.4.3\mailapi-1.4.3.jar;C:\Users\João\.m2\repository\javax\activation\activation\1.1\activation-1.1.jar;C:\Users\João\.m2\repository\net\sf\jopt-simple\jopt-simple\4.6\jopt-simple-4.6.jar;C:\Users\João\.m2\repository\com\github\javafaker\javafaker\1.0.1\javafaker-1.0.1.jar;C:\Users\João\.m2\repository\org\apache\commons\commons-lang3\3.5\commons-lang3-3.5.jar;C:\Users\João\.m2\repository\org\yaml\snakeyaml\1.23\snakeyaml-1.23-android.jar;C:\Users\João\.m2\repository\com\github\mifmif\generex\1.0.2\generex-1.0.2.jar;C:\Users\João\.m2\repository\dk\brics\automaton\automaton\1.11-8\automaton-1.11-8.jar;C:\Users\João\.m2\repository\io\rest-assured\json-path\3.1.0\json-path-3.1.0.jar;C:\Users\João\.m2\repository\org\codehaus\groovy\groovy-json\2.4.12\groovy-json-2.4.12.jar;C:\Users\João\.m2\repository\io\rest-assured\rest-assured-common\3.1.0\rest-assured-common-3.1.0.jar;C:\Users\João\.m2\repository\io\qameta\allure\allure-junit4\2.9.0\allure-junit4-2.9.0.jar;C:\Users\João\.m2\repository\io\qameta\allure\allure-java-commons\2.9.0\allure-java-commons-2.9.0.jar;C:\Users\João\.m2\repository\io\qameta\allure\allure-model\2.9.0\allure-model-2.9.0.jar;C:\Users\João\.m2\repository\com\fasterxml\jackson\core\jackson-databind\2.9.7\jackson-databind-2.9.7.jar;C:\Users\João\.m2\repository\com\fasterxml\jackson\core\jackson-annotations\2.9.0\jackson-annotations-2.9.0.jar;C:\Users\João\.m2\repository\com\fasterxml\jackson\core\jackson-core\2.9.7\jackson-core-2.9.7.jar;C:\Users\João\.m2\repository\org\apache\tika\tika-core\1.19.1\tika-core-1.19.1.jar;C:\Users\João\.m2\repository\org\aspectj\aspectjrt\1.9.1\aspectjrt-1.9.1.jar;C:\Users\João\.m2\repository\org\jooq\joor-java-8\0.9.9\joor-java-8-0.9.9.jar;C:\Users\João\.m2\repository\org\slf4j\slf4j-api\1.7.26\slf4j-api-1.7.26.jar;C:\Users\João\.m2\repository\org\json\json\20190722\json-20190722.jar;"/>
    <property name="test" value="Alltests"/>
    <property name="allure.results.directory" value="C:\Users\João\IdeaProjects\restassuredapitesting\target/allure-results"/>
    <property name="sun.cpu.endian" value="little"/>
    <property name="user.home" value="C:\Users\João"/>
    <property name="user.language" value="pt"/>
    <property name="java.specification.vendor" value="Oracle Corporation"/>
    <property name="java.home" value="C:\Program Files\Java\jdk1.8.0_202\jre"/>
    <property name="basedir" value="C:\Users\João\IdeaProjects\restassuredapitesting"/>
    <property name="file.separator" value="\"/>
    <property name="line.separator" value="&#10;"/>
    <property name="java.vm.specification.vendor" value="Oracle Corporation"/>
    <property name="java.specification.name" value="Java Platform API Specification"/>
    <property name="java.awt.graphicsenv" value="sun.awt.Win32GraphicsEnvironment"/>
    <property name="surefire.real.class.path" value="C:\Users\João\AppData\Local\Temp\surefire5862975098129467210\surefirebooter7387303659164931789.jar;C:\Users\João\.m2\repository/org/aspectj/aspectjweaver/1.9.1/aspectjweaver-1.9.1.jar"/>
    <property name="sun.boot.class.path" value="C:\Program Files\Java\jdk1.8.0_202\jre\lib\resources.jar;C:\Program Files\Java\jdk1.8.0_202\jre\lib\rt.jar;C:\Program Files\Java\jdk1.8.0_202\jre\lib\sunrsasign.jar;C:\Program Files\Java\jdk1.8.0_202\jre\lib\jsse.jar;C:\Program Files\Java\jdk1.8.0_202\jre\lib\jce.jar;C:\Program Files\Java\jdk1.8.0_202\jre\lib\charsets.jar;C:\Program Files\Java\jdk1.8.0_202\jre\lib\jfr.jar;C:\Program Files\Java\jdk1.8.0_202\jre\classes"/>
    <property name="user.script" value=""/>
    <property name="sun.management.compiler" value="HotSpot 64-Bit Tiered Compilers"/>
    <property name="java.runtime.version" value="1.8.0_202-b08"/>
    <property name="user.name" value="João"/>
    <property name="path.separator" value=";"/>
    <property name="os.version" value="10.0"/>
    <property name="java.endorsed.dirs" value="C:\Program Files\Java\jdk1.8.0_202\jre\lib\endorsed"/>
    <property name="java.runtime.name" value="Java(TM) SE Runtime Environment"/>
    <property name="file.encoding" value="Cp1252"/>
    <property name="java.vm.name" value="Java HotSpot(TM) 64-Bit Server VM"/>
    <property name="localRepository" value="C:\Users\João\.m2\repository"/>
    <property name="java.vendor.url.bug" value="http://bugreport.sun.com/bugreport/"/>
    <property name="java.io.tmpdir" value="C:\Users\João\AppData\Local\Temp\"/>
    <property name="idea.version" value="2021.2.2"/>
    <property name="java.version" value="1.8.0_202"/>
    <property name="user.dir" value="C:\Users\João\IdeaProjects\restassuredapitesting"/>
    <property name="os.arch" value="amd64"/>
    <property name="java.vm.specification.name" value="Java Virtual Machine Specification"/>
    <property name="java.awt.printerjob" value="sun.awt.windows.WPrinterJob"/>
    <property name="sun.os.patch.level" value=""/>
    <property name="java.library.path" value="C:\Program Files\Java\jdk1.8.0_202\jre\bin;C:\WINDOWS\Sun\Java\bin;C:\WINDOWS\system32;C:\WINDOWS;C:\Program Files (x86)\Common Files\Oracle\Java\javapath;C:\Python310\Scripts\;C:\Python310\;C:\Program Files\Common Files\Oracle\Java\javapath;C:\Windows\system32;C:\Windows;C:\Windows\System32\Wbem;C:\Windows\System32\WindowsPowerShell\v1.0\;C:\Windows\System32\OpenSSH\;C:\WINDOWS\system32;C:\WINDOWS;C:\WINDOWS\System32\Wbem;C:\WINDOWS\System32\WindowsPowerShell\v1.0\;C:\WINDOWS\System32\OpenSSH\;C:\Program Files (x86)\NVIDIA Corporation\PhysX\Common;C:\Program Files\NVIDIA Corporation\NVIDIA NvDLISR;C:\WINDOWS\system32;C:\WINDOWS;C:\WINDOWS\System32\Wbem;C:\WINDOWS\System32\WindowsPowerShell\v1.0\;C:\WINDOWS\System32\OpenSSH\;C:\Program Files\Java\jdk1.8.0_202\BIN;C:\Program Files\Git\cmd;C:\Program Files (x86)\Intel\Intel(R) Management Engine Components\DAL;C:\Program Files\Intel\Intel(R) Management Engine Components\DAL;C:\Program Files\nodejs\;C:\ProgramData\chocolatey\bin;C:\Users\João\scoop\shims;C:\Users\João\AppData\Local\Programs\Python\Python39\Scripts\;C:\Users\João\AppData\Local\Programs\Python\Python39\;C:\Users\João\AppData\Local\Microsoft\WindowsApps;;C:\Program Files\JetBrains\IntelliJ IDEA Community Edition 2021.2\bin;;C:\Users\João\AppData\Local\Programs\Microsoft VS Code\bin;C:\Users\João\AppData\Roaming\npm;."/>
    <property name="java.vm.info" value="mixed mode"/>
    <property name="java.vendor" value="Oracle Corporation"/>
    <property name="java.vm.version" value="25.202-b08"/>
    <property name="java.ext.dirs" value="C:\Program Files\Java\jdk1.8.0_202\jre\lib\ext;C:\WINDOWS\Sun\Java\lib\ext"/>
    <property name="sun.io.unicode.encoding" value="UnicodeLittle"/>
    <property name="java.class.version" value="52.0"/>
  </properties>
  <testcase name="validateErrorSearchWrongFirstnameParameter" classname="br.com.restassuredapitesting.tests.booking.tests.GetBookingTest" time="1.834">
    <failure message="1 expectation failed.&#10;Expected status code &lt;400&gt; but was &lt;200&gt;.&#10;" type="java.lang.AssertionError"><![CDATA[java.lang.AssertionError: 
1 expectation failed.
Expected status code <400> but was <200>.

	at br.com.restassuredapitesting.tests.booking.tests.GetBookingTest.validateErrorSearchWrongFirstnameParameter(GetBookingTest.java:217)
]]></failure>
    <system-out><![CDATA[HTTP/1.1 200 OK
Server: Cowboy
Connection: keep-alive
X-Powered-By: Express
Content-Type: application/json; charset=utf-8
Content-Length: 2
Etag: W/"2-l9Fw4VUO7kr8CvBlt4zaMCqXZ0w"
Date: Sat, 30 Oct 2021 06:07:40 GMT
Via: 1.1 vegur

[
    
]
]]></system-out>
  </testcase>
  <testcase name="validateSpecificBookingSchema" classname="br.com.restassuredapitesting.tests.booking.tests.GetBookingTest" time="6.681"/>
  <testcase name="validateBookingList" classname="br.com.restassuredapitesting.tests.booking.tests.GetBookingTest" time="5.93"/>
  <testcase name="validateErrorSearchWrongCheckinParameter" classname="br.com.restassuredapitesting.tests.booking.tests.GetBookingTest" time="1.64"/>
  <testcase name="validateBookingListSchema" classname="br.com.restassuredapitesting.tests.booking.tests.GetBookingTest" time="6.767"/>
  <testcase name="validateBookingSearchCheckoutParameter" classname="br.com.restassuredapitesting.tests.booking.tests.GetBookingTest" time="5.857"/>
  <testcase name="valiateBookingSearchCheckoutTwiceParameter" classname="br.com.restassuredapitesting.tests.booking.tests.GetBookingTest" time="4.07">
    <failure message="1 expectation failed.&#10;Expected status code &lt;200&gt; but was &lt;500&gt;.&#10;" type="java.lang.AssertionError"><![CDATA[java.lang.AssertionError: 
1 expectation failed.
Expected status code <200> but was <500>.

	at br.com.restassuredapitesting.tests.booking.tests.GetBookingTest.valiateBookingSearchCheckoutTwiceParameter(GetBookingTest.java:169)
]]></failure>
    <system-out><![CDATA[HTTP/1.1 500 Internal Server Error
Server: Cowboy
Connection: keep-alive
X-Powered-By: Express
Content-Type: text/plain; charset=utf-8
Content-Length: 21
Etag: W/"15-/6VXivhc2MKdLfIkLcUE47K6aH0"
Date: Sat, 30 Oct 2021 06:07:42 GMT
Via: 1.1 vegur

Internal Server Error
]]></system-out>
  </testcase>
  <testcase name="validateBookingSearchNameCheckinCheckoutParameter" classname="br.com.restassuredapitesting.tests.booking.tests.GetBookingTest" time="4.353">
    <failure message="1 expectation failed.&#10;JSON path bookingid doesn&apos;t match.&#10;Expected: a collection containing &lt;702&gt;&#10;  Actual: []&#10;" type="java.lang.AssertionError"><![CDATA[java.lang.AssertionError: 
1 expectation failed.
JSON path bookingid doesn't match.
Expected: a collection containing <702>
  Actual: []

	at br.com.restassuredapitesting.tests.booking.tests.GetBookingTest.validateBookingSearchNameCheckinCheckoutParameter(GetBookingTest.java:192)
]]></failure>
    <system-out><![CDATA[HTTP/1.1 200 OK
Server: Cowboy
Connection: keep-alive
X-Powered-By: Express
Content-Type: application/json; charset=utf-8
Content-Length: 2
Etag: W/"2-l9Fw4VUO7kr8CvBlt4zaMCqXZ0w"
Date: Sat, 30 Oct 2021 06:07:42 GMT
Via: 1.1 vegur

[
    
]
]]></system-out>
  </testcase>
  <testcase name="validateBookingSearchLastnameParameter" classname="br.com.restassuredapitesting.tests.booking.tests.GetBookingTest" time="5.884"/>
  <testcase name="validateSearchErrorInvalidParameter" classname="br.com.restassuredapitesting.tests.booking.tests.GetBookingTest" time="4.075">
    <failure message="1 expectation failed.&#10;Expected status code &lt;400&gt; but was &lt;200&gt;.&#10;" type="java.lang.AssertionError"><![CDATA[java.lang.AssertionError: 
1 expectation failed.
Expected status code <400> but was <200>.

	at br.com.restassuredapitesting.tests.booking.tests.GetBookingTest.validateSearchErrorInvalidParameter(GetBookingTest.java:233)
]]></failure>
    <system-out><![CDATA[HTTP/1.1 200 OK
Server: Cowboy
Connection: keep-alive
X-Powered-By: Express
Content-Type: application/json; charset=utf-8
Content-Length: 4985
Etag: W/"1379-llST28+aLi9YdIZDQLJqdvMtcqU"
Date: Sat, 30 Oct 2021 06:07:42 GMT
Via: 1.1 vegur

[
    {
        "bookingid": 700
    },
    {
        "bookingid": 449
    },
    {
        "bookingid": 429
    },
    {
        "bookingid": 305
    },
    {
        "bookingid": 457
    },
    {
        "bookingid": 480
    },
    {
        "bookingid": 643
    },
    {
        "bookingid": 549
    },
    {
        "bookingid": 402
    },
    {
        "bookingid": 245
    },
    {
        "bookingid": 258
    },
    {
        "bookingid": 327
    },
    {
        "bookingid": 484
    },
    {
        "bookingid": 595
    },
    {
        "bookingid": 398
    },
    {
        "bookingid": 551
    },
    {
        "bookingid": 136
    },
    {
        "bookingid": 145
    },
    {
        "bookingid": 194
    },
    {
        "bookingid": 157
    },
    {
        "bookingid": 498
    },
    {
        "bookingid": 329
    },
    {
        "bookingid": 566
    },
    {
        "bookingid": 499
    },
    {
        "bookingid": 201
    },
    {
        "bookingid": 96
    },
    {
        "bookingid": 278
    },
    {
        "bookingid": 408
    },
    {
        "bookingid": 121
    },
    {
        "bookingid": 163
    },
    {
        "bookingid": 495
    },
    {
        "bookingid": 399
    },
    {
        "bookingid": 101
    },
    {
        "bookingid": 215
    },
    {
        "bookingid": 600
    },
    {
        "bookingid": 65
    },
    {
        "bookingid": 641
    },
    {
        "bookingid": 282
    },
    {
        "bookingid": 697
    },
    {
        "bookingid": 616
    },
    {
        "bookingid": 686
    },
    {
        "bookingid": 219
    },
    {
        "bookingid": 679
    },
    {
        "bookingid": 529
    },
    {
        "bookingid": 310
    },
    {
        "bookingid": 338
    },
    {
        "bookingid": 183
    },
    {
        "bookingid": 579
    },
    {
        "bookingid": 26
    },
    {
        "bookingid": 546
    },
    {
        "bookingid": 695
    },
    {
        "bookingid": 424
    },
    {
        "bookingid": 181
    },
    {
        "bookingid": 452
    },
    {
        "bookingid": 622
    },
    {
        "bookingid": 519
    },
    {
        "bookingid": 675
    },
    {
        "bookingid": 7
    },
    {
        "bookingid": 567
    },
    {
        "bookingid": 17
    },
    {
        "bookingid": 206
    },
    {
        "bookingid": 527
    },
    {
        "bookingid": 119
    },
    {
        "bookingid": 266
    },
    {
        "bookingid": 448
    },
    {
        "bookingid": 618
    },
    {
        "bookingid": 698
    },
    {
        "bookingid": 62
    },
    {
        "bookingid": 387
    },
    {
        "bookingid": 63
    },
    {
        "bookingid": 177
    },
    {
        "bookingid": 64
    },
    {
        "bookingid": 6
    },
    {
        "bookingid": 207
    },
    {
        "bookingid": 123
    },
    {
        "bookingid": 337
    },
    {
        "bookingid": 68
    },
    {
        "bookingid": 680
    },
    {
        "bookingid": 35
    },
    {
        "bookingid": 208
    },
    {
        "bookingid": 433
    },
    {
        "bookingid": 568
    },
    {
        "bookingid": 71
    },
    {
        "bookingid": 544
    },
    {
        "bookingid": 42
    },
    {
        "bookingid": 400
    },
    {
        "bookingid": 239
    },
    {
        "bookingid": 254
    },
    {
        "bookingid": 2
    },
    {
        "bookingid": 504
    },
    {
        "bookingid": 647
    },
    {
        "bookingid": 255
    },
    {
        "bookingid": 22
    },
    {
        "bookingid": 518
    },
    {
        "bookingid": 34
    },
    {
        "bookingid": 135
    },
    {
        "bookingid": 450
    },
    {
        "bookingid": 146
    },
    {
        "bookingid": 28
    },
    {
        "bookingid": 571
    },
    {
        "bookingid": 521
    },
    {
        "bookingid": 76
    },
    {
        "bookingid": 180
    },
    {
        "bookingid": 118
    },
    {
        "bookingid": 193
    },
    {
        "bookingid": 3
    },
    {
        "bookingid": 133
    },
    {
        "bookingid": 32
    },
    {
        "bookingid": 350
    },
    {
        "bookingid": 103
    },
    {
        "bookingid": 120
    },
    {
        "bookingid": 256
    },
    {
        "bookingid": 577
    },
    {
        "bookingid": 690
    },
    {
        "bookingid": 13
    },
    {
        "bookingid": 286
    },
    {
        "bookingid": 14
    },
    {
        "bookingid": 581
    },
    {
        "bookingid": 532
    },
    {
        "bookingid": 306
    },
    {
        "bookingid": 552
    },
    {
        "bookingid": 75
    },
    {
        "bookingid": 358
    },
    {
        "bookingid": 677
    },
    {
        "bookingid": 4
    },
    {
        "bookingid": 351
    },
    {
        "bookingid": 646
    },
    {
        "bookingid": 620
    },
    {
        "bookingid": 257
    },
    {
        "bookingid": 95
    },
    {
        "bookingid": 472
    },
    {
        "bookingid": 46
    },
    {
        "bookingid": 94
    },
    {
        "bookingid": 122
    },
    {
        "bookingid": 644
    },
    {
        "bookingid": 460
    },
    {
        "bookingid": 530
    },
    {
        "bookingid": 501
    },
    {
        "bookingid": 353
    },
    {
        "bookingid": 283
    },
    {
        "bookingid": 649
    },
    {
        "bookingid": 673
    },
    {
        "bookingid": 233
    },
    {
        "bookingid": 8
    },
    {
        "bookingid": 210
    },
    {
        "bookingid": 99
    },
    {
        "bookingid": 473
    },
    {
        "bookingid": 422
    },
    {
        "bookingid": 617
    },
    {
        "bookingid": 591
    },
    {
        "bookingid": 385
    },
    {
        "bookingid": 597
    },
    {
        "bookingid": 182
    },
    {
        "bookingid": 302
    },
    {
        "bookingid": 570
    },
    {
        "bookingid": 134
    },
    {
        "bookingid": 578
    },
    {
        "bookingid": 542
    },
    {
        "bookingid": 67
    },
    {
        "bookingid": 159
    },
    {
        "bookingid": 91
    },
    {
        "bookingid": 9
    },
    {
        "bookingid": 543
    },
    {
        "bookingid": 18
    },
    {
        "bookingid": 494
    },
    {
        "bookingid": 598
    },
    {
        "bookingid": 376
    },
    {
        "bookingid": 132
    },
    {
        "bookingid": 236
    },
    {
        "bookingid": 156
    },
    {
        "bookingid": 447
    },
    {
        "bookingid": 161
    },
    {
        "bookingid": 328
    },
    {
        "bookingid": 428
    },
    {
        "bookingid": 405
    },
    {
        "bookingid": 645
    },
    {
        "bookingid": 5
    },
    {
        "bookingid": 704
    },
    {
        "bookingid": 200
    },
    {
        "bookingid": 290
    },
    {
        "bookingid": 240
    },
    {
        "bookingid": 381
    },
    {
        "bookingid": 593
    },
    {
        "bookingid": 326
    },
    {
        "bookingid": 594
    },
    {
        "bookingid": 20
    },
    {
        "bookingid": 333
    },
    {
        "bookingid": 359
    },
    {
        "bookingid": 234
    },
    {
        "bookingid": 615
    },
    {
        "bookingid": 550
    },
    {
        "bookingid": 642
    },
    {
        "bookingid": 453
    },
    {
        "bookingid": 434
    },
    {
        "bookingid": 352
    },
    {
        "bookingid": 179
    },
    {
        "bookingid": 260
    },
    {
        "bookingid": 264
    },
    {
        "bookingid": 605
    },
    {
        "bookingid": 279
    },
    {
        "bookingid": 304
    },
    {
        "bookingid": 216
    },
    {
        "bookingid": 426
    },
    {
        "bookingid": 403
    },
    {
        "bookingid": 93
    },
    {
        "bookingid": 280
    },
    {
        "bookingid": 701
    },
    {
        "bookingid": 117
    },
    {
        "bookingid": 289
    },
    {
        "bookingid": 209
    },
    {
        "bookingid": 474
    },
    {
        "bookingid": 102
    },
    {
        "bookingid": 676
    },
    {
        "bookingid": 481
    },
    {
        "bookingid": 192
    },
    {
        "bookingid": 45
    },
    {
        "bookingid": 360
    },
    {
        "bookingid": 470
    },
    {
        "bookingid": 619
    },
    {
        "bookingid": 44
    },
    {
        "bookingid": 19
    },
    {
        "bookingid": 496
    },
    {
        "bookingid": 70
    },
    {
        "bookingid": 640
    },
    {
        "bookingid": 378
    },
    {
        "bookingid": 30
    },
    {
        "bookingid": 147
    },
    {
        "bookingid": 497
    },
    {
        "bookingid": 678
    },
    {
        "bookingid": 315
    },
    {
        "bookingid": 388
    },
    {
        "bookingid": 217
    },
    {
        "bookingid": 569
    },
    {
        "bookingid": 703
    },
    {
        "bookingid": 15
    },
    {
        "bookingid": 312
    },
    {
        "bookingid": 699
    },
    {
        "bookingid": 689
    },
    {
        "bookingid": 404
    },
    {
        "bookingid": 309
    },
    {
        "bookingid": 10
    },
    {
        "bookingid": 162
    },
    {
        "bookingid": 265
    },
    {
        "bookingid": 69
    },
    {
        "bookingid": 471
    },
    {
        "bookingid": 377
    },
    {
        "bookingid": 334
    },
    {
        "bookingid": 77
    },
    {
        "bookingid": 475
    },
    {
        "bookingid": 625
    },
    {
        "bookingid": 25
    },
    {
        "bookingid": 674
    },
    {
        "bookingid": 204
    },
    {
        "bookingid": 330
    },
    {
        "bookingid": 303
    },
    {
        "bookingid": 696
    },
    {
        "bookingid": 702
    },
    {
        "bookingid": 401
    },
    {
        "bookingid": 356
    },
    {
        "bookingid": 178
    },
    {
        "bookingid": 354
    },
    {
        "bookingid": 630
    },
    {
        "bookingid": 522
    },
    {
        "bookingid": 374
    },
    {
        "bookingid": 592
    },
    {
        "bookingid": 446
    },
    {
        "bookingid": 507
    },
    {
        "bookingid": 648
    },
    {
        "bookingid": 621
    },
    {
        "bookingid": 238
    },
    {
        "bookingid": 425
    },
    {
        "bookingid": 21
    },
    {
        "bookingid": 375
    },
    {
        "bookingid": 281
    },
    {
        "bookingid": 205
    },
    {
        "bookingid": 423
    },
    {
        "bookingid": 688
    },
    {
        "bookingid": 682
    },
    {
        "bookingid": 11
    },
    {
        "bookingid": 545
    }
]
]]></system-out>
  </testcase>
  <testcase name="validateBookingSearchFirstnameParameter" classname="br.com.restassuredapitesting.tests.booking.tests.GetBookingTest" time="5.883"/>
  <testcase name="validateBookingSearchCheckinParameter" classname="br.com.restassuredapitesting.tests.booking.tests.GetBookingTest" time="4.339">
    <failure message="1 expectation failed.&#10;JSON path bookingid doesn&apos;t match.&#10;Expected: a collection containing &lt;698&gt;&#10;  Actual: [6, 2, 4, 9, 10]&#10;" type="java.lang.AssertionError"><![CDATA[java.lang.AssertionError: 
1 expectation failed.
JSON path bookingid doesn't match.
Expected: a collection containing <698>
  Actual: [6, 2, 4, 9, 10]

	at br.com.restassuredapitesting.tests.booking.tests.GetBookingTest.validateBookingSearchCheckinParameter(GetBookingTest.java:134)
]]></failure>
    <system-out><![CDATA[HTTP/1.1 200 OK
Server: Cowboy
Connection: keep-alive
X-Powered-By: Express
Content-Type: application/json; charset=utf-8
Content-Length: 82
Etag: W/"52-W8gDiQwurFvr/s+f7HNRf58Q8g0"
Date: Sat, 30 Oct 2021 06:07:42 GMT
Via: 1.1 vegur

[
    {
        "bookingid": 6
    },
    {
        "bookingid": 2
    },
    {
        "bookingid": 4
    },
    {
        "bookingid": 9
    },
    {
        "bookingid": 10
    }
]
]]></system-out>
  </testcase>
</testsuite>